---
title: 8-0新特性之函数索引.md
top: false
cover: false
toc: true
mathjax: true
date: 2022-03-20 18:16:49
password:
summary:
tags: mysql基本
categories: mysql基本
---
---
title: 8-0新特性之函数索引.md
top: false
cover: false
toc: true
mathjax: true
date: 2022-03-20 18:16:49
password:
summary:
tags: mysql基本
categories: mysql基本
---
二 - 顺序


操作的顺序是每个初学者都会学习的东西，因为了解计算机如何评估操作很重要。MySQL 在改进查询时还需要注意许多依赖顺序的问题。

假设用户有关于商品成本和运输成本的函数索引。您的客户对您销售的产品和这些产品的运输成本非常敏感。为了提高性能，您创建了产品成本和运输成本总和的函数索引。
~~~
CREATE index cost_and_shipping ON products((cost + shipping));
~~~
使用 EXPLAIN 检查示例查询，查询计划显示查询确实使用了新索引。

EXPLAIN FORMAT=TREE SELECT id, name, cost, shipping, (cost + shipping) 
FROM PRODUCTS 
WHERE cost + shipping < 5\G
*************************** 1. row ***************************
EXPLAIN: -> Filter: ((cost + shipping) < 5)  (cost=1.16 rows=2)
    -> Index range scan on PRODUCTS using cost_and_shipping  (cost=1.16 rows=2)
1 row in set (0.0008 sec)
索引似乎运行正常，但是当您的同事尝试使用这个新索引时，他们发现查询的表现不尽如人意。分析了他们使用的查询，EXPLAIN 显示查询没有使用新的索引！而是使用了表扫描！发生了什么？

EXPLAIN FORMAT=TREE SELECT id, name, cost, shipping, (cost + shipping) 
FROM PRODUCTS 
WHERE shipping + cost < 5\G
*************************** 1. row ***************************
EXPLAIN: -> Filter: ((products.shipping + products.cost) < 5)  (cost=0.65 rows=4)
    -> Table scan on PRODUCTS  (cost=0.65 rows=4)
1 row in set (0.0016 sec)
发现问题了吗？

如果没有，请仔细观察，这有点微妙。创建的索引为（cost + shipping），您的查询使用（cost + shipping），而他们的查询使用（shipping + cost）。在这种情况下，优化器无法识别（cost + shipping）和（shipping + cost）在数学上是相同的数量。很容易颠倒这两列的顺序，从而不知不觉地陷入性能困境。 为了从函数索引中获得所需的性能，必须使用正确的顺序。  
