---
title: 查询-分类.md
top: false
cover: false
toc: true
mathjax: true
date: 2022-03-20 18:16:49
password:
summary:
tags: mysql基本
categories: mysql基本
---
---
title: 查询-分类.md
top: false
cover: false
toc: true
mathjax: true
date: 2022-03-20 18:16:49
password:
summary:
tags: mysql基本
categories: mysql基本
---
mysql官网中经常看到

###JOIN
#### Inner non-equi-join:
JOIN ON 后面不是等于
~~~
mysql> EXPLAIN FORMAT=TREE SELECT * FROM t1 JOIN t2 ON t1.c1 < t2.c1\G
*************************** 1. row ***************************
EXPLAIN: -> Filter: (t1.c1 < t2.c1)  (cost=4.70 rows=12)
    -> Inner hash join (no condition)  (cost=4.70 rows=12)
        -> Table scan on t2  (cost=0.08 rows=6)
        -> Hash
            -> Table scan on t1  (cost=0.85 rows=6)
~~~
####Semijoin:
半连接，in、EXISTS 子查询会出现
~~~
mysql> EXPLAIN FORMAT=TREE SELECT * FROM t1 
    ->     WHERE t1.c1 IN (SELECT t2.c2 FROM t2)\G
*************************** 1. row ***************************
EXPLAIN: -> Nested loop inner join
    -> Filter: (t1.c1 is not null)  (cost=0.85 rows=6)
        -> Table scan on t1  (cost=0.85 rows=6)
    -> Single-row index lookup on <subquery2> using <auto_distinct_key> (c2=t1.c1)
        -> Materialize with deduplication
            -> Filter: (t2.c2 is not null)  (cost=0.85 rows=6)
                -> Table scan on t2  (cost=0.85 rows=6)
~~~
####Antijoin:
反连接。not in、not EXISTS 子查询会出现
~~~
mysql> EXPLAIN FORMAT=TREE SELECT * FROM t2 
    ->     WHERE NOT EXISTS (SELECT * FROM t1 WHERE t1.col1 = t2.col1)\G
*************************** 1. row ***************************
EXPLAIN: -> Nested loop antijoin
    -> Table scan on t2  (cost=0.85 rows=6)
    -> Single-row index lookup on <subquery2> using <auto_distinct_key> (c1=t2.c1)
        -> Materialize with deduplication
            -> Filter: (t1.c1 is not null)  (cost=0.85 rows=6)
                -> Table scan on t1  (cost=0.85 rows=6)
~~~

####Left outer join:
~~~
mysql> EXPLAIN FORMAT=TREE SELECT * FROM t1 LEFT JOIN t2 ON t1.c1 = t2.c1\G
*************************** 1. row ***************************
EXPLAIN: -> Left hash join (t2.c1 = t1.c1)  (cost=3.99 rows=36)
    -> Table scan on t1  (cost=0.85 rows=6)
    -> Hash
        -> Table scan on t2  (cost=0.14 rows=6)
~~~
####Right outer join (observe that MySQL rewrites all right outer joins as left outer joins):

~~~
mysql> EXPLAIN FORMAT=TREE SELECT * FROM t1 RIGHT JOIN t2 ON t1.c1 = t2.c1\G
*************************** 1. row ***************************
EXPLAIN: -> Left hash join (t1.c1 = t2.c1)  (cost=3.99 rows=36)
    -> Table scan on t2  (cost=0.85 rows=6)
    -> Hash
        -> Table scan on t1  (cost=0.14 rows=6)
~~~

###SubQuery
子查询
####DEPENDENT SUBQUERY
出现在select和where中的子查询

####衍生表
出现在from中的子查询
